<?xml version='1.0'?>
<ns2:test-suite xmlns:ns2='urn:model.allure.qatools.yandex.ru' start='1625558715710' stop='1625558802048'>
    <name>HomeWork/TestTask (Lesson 29) https://youtube.com/playlist?list=PLP1-M5OhC7yjAZ1-llDH45nxLfKKbcxGe</name>
    <title>HomeWork/TestTask (Lesson 29) https://youtube.com/playlist?list=PLP1-M5OhC7yjAZ1-llDH45nxLfKKbcxGe</title>
    <test-cases>
        <test-case start='1625558715711' status='failed' stop='1625558734616'>
            <name>should test SignUp function (using header button). Test-Case1</name>
            <title>should test SignUp function (using header button). Test-Case1</title>
            <labels>
                <label name='language' value='javascript'/>
                <label name='framework' value='wdio'/>
                <label name='thread' value='0-0'/>
            </labels>
            <parameters>
                <parameter kind='argument' name='browser' value='chrome-91.0.4472.124'/>
            </parameters>
            <steps/>
            <attachments/>
            <failure>
                <message>Expect window to have url containing
                
                Expected: "https://github.com/join"
                Received: "https://github.com/signup?ref_cta=Sign+up&amp;ref_loc=header+logged+out&amp;ref_page=%2F&amp;source=header-home"</message>
                <stack-trace>Error: Expect window to have url containing
                
                Expected: "https://github.com/join"
                Received: "https://github.com/signup?ref_cta=Sign+up&amp;ref_loc=header+logged+out&amp;ref_page=%2F&amp;source=header-home"
                    at Context.&lt;anonymous> (C:\Users\sfart\WebstormProjects\untitled\Allure_Actions\test\specs\gitHubTestHW(Lesson29).js:27:25)
                    at Context.executeSync (C:\Users\sfart\WebstormProjects\untitled\Allure_Actions\node_modules\@wdio\sync\build\index.js:38:22)
                    at C:\Users\sfart\WebstormProjects\untitled\Allure_Actions\node_modules\@wdio\sync\build\index.js:69:68</stack-trace>
            </failure>
        </test-case>
        <test-case start='1625558734617' status='failed' stop='1625558748322'>
            <name>should test SignUp function (using primary SignUp button). Test-Case2</name>
            <title>should test SignUp function (using primary SignUp button). Test-Case2</title>
            <labels>
                <label name='language' value='javascript'/>
                <label name='framework' value='wdio'/>
                <label name='thread' value='0-0'/>
            </labels>
            <parameters>
                <parameter kind='argument' name='browser' value='chrome-91.0.4472.124'/>
            </parameters>
            <steps/>
            <attachments/>
            <failure>
                <message>Expect window to have url containing
                
                Expected: "https://github.com/join"
                Received: "https://github.com/signup?user_email=&amp;source=form-home-signup"</message>
                <stack-trace>Error: Expect window to have url containing
                
                Expected: "https://github.com/join"
                Received: "https://github.com/signup?user_email=&amp;source=form-home-signup"
                    at Context.&lt;anonymous> (C:\Users\sfart\WebstormProjects\untitled\Allure_Actions\test\specs\gitHubTestHW(Lesson29).js:39:25)
                    at Context.executeSync (C:\Users\sfart\WebstormProjects\untitled\Allure_Actions\node_modules\@wdio\sync\build\index.js:38:22)
                    at C:\Users\sfart\WebstormProjects\untitled\Allure_Actions\node_modules\@wdio\sync\build\index.js:69:68</stack-trace>
            </failure>
        </test-case>
        <test-case start='1625558748322' status='broken' stop='1625558761473'>
            <name>should test SignIn function . Test-Case3</name>
            <title>should test SignIn function . Test-Case3</title>
            <labels>
                <label name='language' value='javascript'/>
                <label name='framework' value='wdio'/>
                <label name='thread' value='0-0'/>
            </labels>
            <parameters>
                <parameter kind='argument' name='browser' value='chrome-91.0.4472.124'/>
            </parameters>
            <steps/>
            <attachments/>
            <failure>
                <message>Can't call click on element with selector "//header//summary//span[2]" because element wasn't found</message>
                <stack-trace>Error: Can't call click on element with selector "//header//summary//span[2]" because element wasn't found
                    at Object.implicitWait [as default] (C:\Users\sfart\WebstormProjects\untitled\Allure_Actions\node_modules\webdriverio\build\utils\implicitWait.js:34:19)
                    at async Element.elementErrorHandlerCallbackFn (C:\Users\sfart\WebstormProjects\untitled\Allure_Actions\node_modules\webdriverio\build\middlewares.js:19:29)
                    at async Element.runCommandWithHooks (C:\Users\sfart\WebstormProjects\untitled\Allure_Actions\node_modules\@wdio\sync\build\wrapCommand.js:105:25)
                    at Element.runCommandWithHooks (C:\Users\sfart\WebstormProjects\untitled\Allure_Actions\node_modules\@wdio\sync\build\wrapCommand.js:100:24)
                    at Element.wrapCommandFn (C:\Users\sfart\WebstormProjects\untitled\Allure_Actions\node_modules\@wdio\sync\build\wrapCommand.js:67:44)
                    at Element.elementErrorHandlerCallback (C:\Users\sfart\WebstormProjects\untitled\Allure_Actions\node_modules\webdriverio\build\middlewares.js:44:12)
                    at AccountPage.checkAccountName (C:\Users\sfart\WebstormProjects\untitled\Allure_Actions\test\pageobjects\account.page.js:22:29)
                    at Context.&lt;anonymous> (C:\Users\sfart\WebstormProjects\untitled\Allure_Actions\test\specs\gitHubTestHW(Lesson29).js:53:21)
                    at Context.executeSync (C:\Users\sfart\WebstormProjects\untitled\Allure_Actions\node_modules\@wdio\sync\build\index.js:38:22)
                    at C:\Users\sfart\WebstormProjects\untitled\Allure_Actions\node_modules\@wdio\sync\build\index.js:69:68</stack-trace>
            </failure>
        </test-case>
        <test-case start='1625558761473' status='passed' stop='1625558765004'>
            <name>should test Password recowery function . Test-Case4</name>
            <title>should test Password recowery function . Test-Case4</title>
            <labels>
                <label name='language' value='javascript'/>
                <label name='framework' value='wdio'/>
                <label name='thread' value='0-0'/>
            </labels>
            <parameters>
                <parameter kind='argument' name='browser' value='chrome-91.0.4472.124'/>
            </parameters>
            <steps/>
            <attachments/>
        </test-case>
        <test-case start='1625558765004' status='broken' stop='1625558767207'>
            <name>should test that dropdown menues(Header Menu) is displayed when mouse on it. Test-Case5</name>
            <title>should test that dropdown menues(Header Menu) is displayed when mouse on it. Test-Case5</title>
            <labels>
                <label name='language' value='javascript'/>
                <label name='framework' value='wdio'/>
                <label name='thread' value='0-0'/>
            </labels>
            <parameters>
                <parameter kind='argument' name='browser' value='chrome-91.0.4472.124'/>
            </parameters>
            <steps/>
            <attachments/>
            <failure>
                <message>The expression evaluated to a falsy value:
                
                  assert(this.WhyGitHubDropdownMenu.isDisplayed())
                </message>
                <stack-trace>AssertionError [ERR_ASSERTION]: The expression evaluated to a falsy value:
                
                  assert(this.WhyGitHubDropdownMenu.isDisplayed())
                
                    at MainPage.checkWhyGitHubDropdownMenu (C:\Users\sfart\WebstormProjects\untitled\Allure_Actions\test\pageobjects\main.page.js:91:13)
                    at Context.&lt;anonymous> (C:\Users\sfart\WebstormProjects\untitled\Allure_Actions\test\specs\gitHubTestHW(Lesson29).js:74:18)
                    at Context.executeSync (C:\Users\sfart\WebstormProjects\untitled\Allure_Actions\node_modules\@wdio\sync\build\index.js:38:22)
                    at C:\Users\sfart\WebstormProjects\untitled\Allure_Actions\node_modules\@wdio\sync\build\index.js:69:68</stack-trace>
            </failure>
        </test-case>
        <test-case start='1625558767208' status='failed' stop='1625558780521'>
            <name>should test that user able to chose the plan"for free" and register throuth it . Test-Case6</name>
            <title>should test that user able to chose the plan"for free" and register throuth it . Test-Case6</title>
            <labels>
                <label name='language' value='javascript'/>
                <label name='framework' value='wdio'/>
                <label name='thread' value='0-0'/>
            </labels>
            <parameters>
                <parameter kind='argument' name='browser' value='chrome-91.0.4472.124'/>
            </parameters>
            <steps/>
            <attachments/>
            <failure>
                <message>Expect window to have url containing
                
                Expected: "https://github.com/join?plan"
                Received: "https://github.com/pricing"</message>
                <stack-trace>Error: Expect window to have url containing
                
                Expected: "https://github.com/join?plan"
                Received: "https://github.com/pricing"
                    at PricingPage.checkSignUpRedirectURL (C:\Users\sfart\WebstormProjects\untitled\Allure_Actions\test\pageobjects\pricing.page.js:24:25)
                    at Context.&lt;anonymous> (C:\Users\sfart\WebstormProjects\untitled\Allure_Actions\test\specs\gitHubTestHW(Lesson29).js:89:21)
                    at Context.executeSync (C:\Users\sfart\WebstormProjects\untitled\Allure_Actions\node_modules\@wdio\sync\build\index.js:38:22)
                    at C:\Users\sfart\WebstormProjects\untitled\Allure_Actions\node_modules\@wdio\sync\build\index.js:69:68</stack-trace>
            </failure>
        </test-case>
        <test-case start='1625558780521' status='broken' stop='1625558782880'>
            <name>should check that is Topic text displayed in view port . Test-Case7</name>
            <title>should check that is Topic text displayed in view port . Test-Case7</title>
            <labels>
                <label name='language' value='javascript'/>
                <label name='framework' value='wdio'/>
                <label name='thread' value='0-0'/>
            </labels>
            <parameters>
                <parameter kind='argument' name='browser' value='chrome-91.0.4472.124'/>
            </parameters>
            <steps/>
            <attachments/>
            <failure>
                <message>element not interactable
                  (Session info: chrome=91.0.4472.124)</message>
                <stack-trace>element not interactable
                  (Session info: chrome=91.0.4472.124)
                    at Object.getErrorFromResponseBody (C:\Users\sfart\WebstormProjects\untitled\Allure_Actions\node_modules\webdriver\build\utils.js:189:12)
                    at WebDriverRequest._request (C:\Users\sfart\WebstormProjects\untitled\Allure_Actions\node_modules\webdriver\build\request.js:168:31)
                    at processTicksAndRejections (internal/process/task_queues.js:95:5)
                    at async Element.elementErrorHandlerCallbackFn (C:\Users\sfart\WebstormProjects\untitled\Allure_Actions\node_modules\webdriverio\build\middlewares.js:23:32)
                    at async Element.runCommandWithHooks (C:\Users\sfart\WebstormProjects\untitled\Allure_Actions\node_modules\@wdio\sync\build\wrapCommand.js:105:25)
                    at Element.runCommandWithHooks (C:\Users\sfart\WebstormProjects\untitled\Allure_Actions\node_modules\@wdio\sync\build\wrapCommand.js:100:24)
                    at Element.wrapCommandFn (C:\Users\sfart\WebstormProjects\untitled\Allure_Actions\node_modules\@wdio\sync\build\wrapCommand.js:67:44)
                    at Element.elementErrorHandlerCallback (C:\Users\sfart\WebstormProjects\untitled\Allure_Actions\node_modules\webdriverio\build\middlewares.js:44:12)
                    at MainPage.clickExploreGitHubButton (C:\Users\sfart\WebstormProjects\untitled\Allure_Actions\test\pageobjects\main.page.js:139:32)
                    at Context.&lt;anonymous> (C:\Users\sfart\WebstormProjects\untitled\Allure_Actions\test\specs\gitHubTestHW(Lesson29).js:100:18)
                    at Context.executeSync (C:\Users\sfart\WebstormProjects\untitled\Allure_Actions\node_modules\@wdio\sync\build\index.js:38:22)
                    at C:\Users\sfart\WebstormProjects\untitled\Allure_Actions\node_modules\@wdio\sync\build\index.js:69:68</stack-trace>
            </failure>
        </test-case>
        <test-case start='1625558782880' status='passed' stop='1625558786980'>
            <name>should test that filter TypeScript works and first result is relevant . Test-Case8</name>
            <title>should test that filter TypeScript works and first result is relevant . Test-Case8</title>
            <labels>
                <label name='language' value='javascript'/>
                <label name='framework' value='wdio'/>
                <label name='thread' value='0-0'/>
            </labels>
            <parameters>
                <parameter kind='argument' name='browser' value='chrome-91.0.4472.124'/>
            </parameters>
            <steps/>
            <attachments/>
        </test-case>
        <test-case start='1625558786980' status='broken' stop='1625558799730'>
            <name> should test that user able to add registration data through the EnterpriseCloud and EnterpriseServer pages. Test-Case9</name>
            <title> should test that user able to add registration data through the EnterpriseCloud and EnterpriseServer pages. Test-Case9</title>
            <labels>
                <label name='language' value='javascript'/>
                <label name='framework' value='wdio'/>
                <label name='thread' value='0-0'/>
            </labels>
            <parameters>
                <parameter kind='argument' name='browser' value='chrome-91.0.4472.124'/>
            </parameters>
            <steps/>
            <attachments/>
            <failure>
                <message>Can't call click on element with selector "//*[contains(text(),"Enterprise Cloud")]" because element wasn't found</message>
                <stack-trace>Error: Can't call click on element with selector "//*[contains(text(),"Enterprise Cloud")]" because element wasn't found
                    at Object.implicitWait [as default] (C:\Users\sfart\WebstormProjects\untitled\Allure_Actions\node_modules\webdriverio\build\utils\implicitWait.js:34:19)
                    at async Element.elementErrorHandlerCallbackFn (C:\Users\sfart\WebstormProjects\untitled\Allure_Actions\node_modules\webdriverio\build\middlewares.js:19:29)
                    at async Element.runCommandWithHooks (C:\Users\sfart\WebstormProjects\untitled\Allure_Actions\node_modules\@wdio\sync\build\wrapCommand.js:105:25)
                    at Element.runCommandWithHooks (C:\Users\sfart\WebstormProjects\untitled\Allure_Actions\node_modules\@wdio\sync\build\wrapCommand.js:100:24)
                    at Element.wrapCommandFn (C:\Users\sfart\WebstormProjects\untitled\Allure_Actions\node_modules\@wdio\sync\build\wrapCommand.js:67:44)
                    at Element.elementErrorHandlerCallback (C:\Users\sfart\WebstormProjects\untitled\Allure_Actions\node_modules\webdriverio\build\middlewares.js:44:12)
                    at OrganisationsPage.clickEnterpriseCloudButton (C:\Users\sfart\WebstormProjects\untitled\Allure_Actions\test\pageobjects\organisations.paje.js:17:35)
                    at Context.&lt;anonymous> (C:\Users\sfart\WebstormProjects\untitled\Allure_Actions\test\specs\gitHubTestHW(Lesson29).js:126:27)
                    at Context.executeSync (C:\Users\sfart\WebstormProjects\untitled\Allure_Actions\node_modules\@wdio\sync\build\index.js:38:22)
                    at C:\Users\sfart\WebstormProjects\untitled\Allure_Actions\node_modules\@wdio\sync\build\index.js:69:68</stack-trace>
            </failure>
        </test-case>
        <test-case start='1625558799730' status='passed' stop='1625558802047'>
            <name> should print in the console all positions from the careers . Test-Case10</name>
            <title> should print in the console all positions from the careers . Test-Case10</title>
            <labels>
                <label name='language' value='javascript'/>
                <label name='framework' value='wdio'/>
                <label name='thread' value='0-0'/>
            </labels>
            <parameters>
                <parameter kind='argument' name='browser' value='chrome-91.0.4472.124'/>
            </parameters>
            <steps/>
            <attachments/>
        </test-case>
    </test-cases>
</ns2:test-suite>